[debug] [2018-06-21T22:08:57.983Z] ----------------------------------------------------------------------
[debug] [2018-06-21T22:08:57.988Z] Command:       C:\Program Files\nodejs\node.exe C:\Users\scham\AppData\Roaming\npm\node_modules\firebase-tools\bin\firebase serve
[debug] [2018-06-21T22:08:57.988Z] CLI Version:   3.18.6
[debug] [2018-06-21T22:08:57.988Z] Platform:      win32
[debug] [2018-06-21T22:08:57.988Z] Node Version:  v8.11.1
[debug] [2018-06-21T22:08:57.989Z] Time:          Thu Jun 21 2018 15:08:57 GMT-0700 (Pacific Daylight Time)
[debug] [2018-06-21T22:08:57.990Z] ----------------------------------------------------------------------
[debug] 
[debug] [2018-06-21T22:08:58.011Z] > command requires scopes: ["email","openid","https://www.googleapis.com/auth/cloudplatformprojects.readonly","https://www.googleapis.com/auth/firebase","https://www.googleapis.com/auth/cloud-platform"]
[debug] [2018-06-21T22:08:58.013Z] > authorizing via signed-in user
[debug] [2018-06-21T22:08:58.017Z] >>> HTTP REQUEST GET https://admin.firebase.com/v1/projects/trumpometer-9f971  
  
 Thu Jun 21 2018 15:08:58 GMT-0700 (Pacific Daylight Time)
[debug] [2018-06-21T22:08:58.902Z] <<< HTTP RESPONSE 200
[debug] [2018-06-21T22:08:58.904Z] >>> HTTP REQUEST GET https://admin.firebase.com/v1/database/trumpometer-9f971/tokens  
  
 Thu Jun 21 2018 15:08:58 GMT-0700 (Pacific Daylight Time)
[debug] [2018-06-21T22:08:59.376Z] <<< HTTP RESPONSE 200
[debug] [2018-06-21T22:08:59.377Z] >>> HTTP REQUEST GET https://cloudresourcemanager.googleapis.com/v1/projects/trumpometer-9f971  
  
 Thu Jun 21 2018 15:08:59 GMT-0700 (Pacific Daylight Time)
[debug] [2018-06-21T22:09:00.063Z] <<< HTTP RESPONSE 200
[info] 
[info] === Serving from 'C:\Users\scham\Documents\codeDump\TrumpOMeter'...
[info] 
[info] i  functions: Preparing to emulate functions.
[debug] [2018-06-21T22:09:01.619Z] Fetching environment
[debug] [2018-06-21T22:09:01.624Z] >>> HTTP REQUEST GET https://mobilesdk-pa.googleapis.com/v1/projects/274319934741:getServerAppConfig  
  
 Thu Jun 21 2018 15:09:01 GMT-0700 (Pacific Daylight Time)
[debug] [2018-06-21T22:09:01.624Z] >>> HTTP REQUEST GET https://mobilesdk-pa.googleapis.com/v1/projects/274319934741/clients/_:getWebAppConfig  
  
 Thu Jun 21 2018 15:09:01 GMT-0700 (Pacific Daylight Time)
[debug] [2018-06-21T22:09:02.220Z] <<< HTTP RESPONSE 200
[debug] [2018-06-21T22:09:02.221Z] Starting @google-cloud/functions-emulator
[debug] [2018-06-21T22:09:02.243Z] <<< HTTP RESPONSE 200
[info] i  hosting: Serving hosting files from: public
[info] +  hosting: Local server: http://localhost:5000

[debug] [2018-06-21T22:09:05.784Z] Parsing function triggers
